26-04-24.15:47:40.602 [main            ] INFO  LogicTreeTest          - Starting LogicTreeTest using Java 17.0.14 on PC-20230922CJSZ with PID 20364 (started by Administrator in C:\Users\Administrator\Desktop\big-market\big-market-app)
26-04-24.15:47:40.603 [main            ] INFO  LogicTreeTest          - The following 1 profile is active: "dev"
26-04-24.15:47:41.473 [main            ] INFO  RepositoryConfigurationDelegate - Multiple Spring Data modules found, entering strict repository configuration mode
26-04-24.15:47:41.476 [main            ] INFO  RepositoryConfigurationDelegate - Bootstrapping Spring Data Redis repositories in DEFAULT mode.
26-04-24.15:47:41.503 [main            ] INFO  RepositoryConfigurationDelegate - Finished Spring Data repository scanning in 13 ms. Found 0 Redis repository interfaces.
26-04-24.15:47:42.207 [main            ] INFO  Version                - Redisson 3.23.4
26-04-24.15:47:42.585 [redisson-netty-2-4] INFO  MasterPubSubConnectionPool - 1 connections initialized for 117.72.154.166/117.72.154.166:16379
26-04-24.15:47:42.868 [redisson-netty-2-13] INFO  MasterConnectionPool   - 5 connections initialized for 117.72.154.166/117.72.154.166:16379
26-04-24.15:47:49.140 [main            ] INFO  EndpointLinksResolver  - Exposing 1 endpoint(s) beneath base path '/actuator'
26-04-24.15:47:49.356 [main            ] INFO  LogicTreeTest          - Started LogicTreeTest in 9.082 seconds (JVM running for 9.85)
26-04-24.15:47:49.698 [main            ] ERROR TestContextManager     - Caught exception while allowing TestExecutionListener [org.springframework.boot.test.autoconfigure.SpringBootDependencyInjectionTestExecutionListener@231f98ef] to prepare test instance [cn.tianjiale.test.domain.LogicTreeTest@602aeb87]
org.springframework.beans.factory.BeanCreationException: Error creating bean with name 'cn.tianjiale.test.domain.LogicTreeTest': Injection of resource dependencies failed; nested exception is org.springframework.beans.factory.NoSuchBeanDefinitionException: No qualifying bean of type 'cn.tianjiale.domain.strategy.service.rule.tree.factory.DefaultTreeFactory' available: expected at least 1 bean which qualifies as autowire candidate. Dependency annotations: {@javax.annotation.Resource(shareable=true, lookup="", name="", description="", authenticationType=CONTAINER, type=java.lang.Object.class, mappedName="")}
	at org.springframework.context.annotation.CommonAnnotationBeanPostProcessor.postProcessProperties(CommonAnnotationBeanPostProcessor.java:332)
	at org.springframework.beans.factory.support.AbstractAutowireCapableBeanFactory.populateBean(AbstractAutowireCapableBeanFactory.java:1431)
	at org.springframework.beans.factory.support.AbstractAutowireCapableBeanFactory.autowireBeanProperties(AbstractAutowireCapableBeanFactory.java:417)
	at org.springframework.test.context.support.DependencyInjectionTestExecutionListener.injectDependencies(DependencyInjectionTestExecutionListener.java:119)
	at org.springframework.test.context.support.DependencyInjectionTestExecutionListener.prepareTestInstance(DependencyInjectionTestExecutionListener.java:83)
	at org.springframework.boot.test.autoconfigure.SpringBootDependencyInjectionTestExecutionListener.prepareTestInstance(SpringBootDependencyInjectionTestExecutionListener.java:43)
	at org.springframework.test.context.TestContextManager.prepareTestInstance(TestContextManager.java:248)
	at org.springframework.test.context.junit4.SpringJUnit4ClassRunner.createTest(SpringJUnit4ClassRunner.java:227)
	at org.springframework.test.context.junit4.SpringJUnit4ClassRunner$1.runReflectiveCall(SpringJUnit4ClassRunner.java:289)
	at org.junit.internal.runners.model.ReflectiveCallable.run(ReflectiveCallable.java:12)
	at org.springframework.test.context.junit4.SpringJUnit4ClassRunner.methodBlock(SpringJUnit4ClassRunner.java:291)
	at org.springframework.test.context.junit4.SpringJUnit4ClassRunner.runChild(SpringJUnit4ClassRunner.java:246)
	at org.springframework.test.context.junit4.SpringJUnit4ClassRunner.runChild(SpringJUnit4ClassRunner.java:97)
	at org.junit.runners.ParentRunner$4.run(ParentRunner.java:331)
	at org.junit.runners.ParentRunner$1.schedule(ParentRunner.java:79)
	at org.junit.runners.ParentRunner.runChildren(ParentRunner.java:329)
	at org.junit.runners.ParentRunner.access$100(ParentRunner.java:66)
	at org.junit.runners.ParentRunner$2.evaluate(ParentRunner.java:293)
	at org.springframework.test.context.junit4.statements.RunBeforeTestClassCallbacks.evaluate(RunBeforeTestClassCallbacks.java:61)
	at org.springframework.test.context.junit4.statements.RunAfterTestClassCallbacks.evaluate(RunAfterTestClassCallbacks.java:70)
	at org.junit.runners.ParentRunner$3.evaluate(ParentRunner.java:306)
	at org.junit.runners.ParentRunner.run(ParentRunner.java:413)
	at org.springframework.test.context.junit4.SpringJUnit4ClassRunner.run(SpringJUnit4ClassRunner.java:190)
	at org.junit.runner.JUnitCore.run(JUnitCore.java:137)
	at com.intellij.junit4.JUnit4IdeaTestRunner.startRunnerWithArgs(JUnit4IdeaTestRunner.java:69)
	at com.intellij.rt.junit.IdeaTestRunner$Repeater$1.execute(IdeaTestRunner.java:38)
	at com.intellij.rt.execution.junit.TestsRepeater.repeat(TestsRepeater.java:11)
	at com.intellij.rt.junit.IdeaTestRunner$Repeater.startRunnerWithArgs(IdeaTestRunner.java:35)
	at com.intellij.rt.junit.JUnitStarter.prepareStreamsAndStart(JUnitStarter.java:232)
	at com.intellij.rt.junit.JUnitStarter.main(JUnitStarter.java:55)
Caused by: org.springframework.beans.factory.NoSuchBeanDefinitionException: No qualifying bean of type 'cn.tianjiale.domain.strategy.service.rule.tree.factory.DefaultTreeFactory' available: expected at least 1 bean which qualifies as autowire candidate. Dependency annotations: {@javax.annotation.Resource(shareable=true, lookup="", name="", description="", authenticationType=CONTAINER, type=java.lang.Object.class, mappedName="")}
	at org.springframework.beans.factory.support.DefaultListableBeanFactory.raiseNoMatchingBeanFound(DefaultListableBeanFactory.java:1801)
	at org.springframework.beans.factory.support.DefaultListableBeanFactory.doResolveDependency(DefaultListableBeanFactory.java:1357)
	at org.springframework.beans.factory.support.DefaultListableBeanFactory.resolveDependency(DefaultListableBeanFactory.java:1311)
	at org.springframework.context.annotation.CommonAnnotationBeanPostProcessor.autowireResource(CommonAnnotationBeanPostProcessor.java:544)
	at org.springframework.context.annotation.CommonAnnotationBeanPostProcessor.getResource(CommonAnnotationBeanPostProcessor.java:520)
	at org.springframework.context.annotation.CommonAnnotationBeanPostProcessor$ResourceElement.getResourceToInject(CommonAnnotationBeanPostProcessor.java:673)
	at org.springframework.beans.factory.annotation.InjectionMetadata$InjectedElement.inject(InjectionMetadata.java:228)
	at org.springframework.beans.factory.annotation.InjectionMetadata.inject(InjectionMetadata.java:119)
	at org.springframework.context.annotation.CommonAnnotationBeanPostProcessor.postProcessProperties(CommonAnnotationBeanPostProcessor.java:329)
	... 29 common frames omitted
26-04-24.15:55:59.295 [main            ] INFO  LogicTreeTest          - Starting LogicTreeTest using Java 17.0.14 on PC-20230922CJSZ with PID 20592 (started by Administrator in C:\Users\Administrator\Desktop\big-market\big-market-app)
26-04-24.15:55:59.296 [main            ] INFO  LogicTreeTest          - The following 1 profile is active: "dev"
26-04-24.15:55:59.921 [main            ] INFO  RepositoryConfigurationDelegate - Multiple Spring Data modules found, entering strict repository configuration mode
26-04-24.15:55:59.925 [main            ] INFO  RepositoryConfigurationDelegate - Bootstrapping Spring Data Redis repositories in DEFAULT mode.
26-04-24.15:55:59.953 [main            ] INFO  RepositoryConfigurationDelegate - Finished Spring Data repository scanning in 14 ms. Found 0 Redis repository interfaces.
26-04-24.15:56:00.535 [main            ] INFO  Version                - Redisson 3.23.4
26-04-24.15:56:00.904 [redisson-netty-2-4] INFO  MasterPubSubConnectionPool - 1 connections initialized for 117.72.154.166/117.72.154.166:16379
26-04-24.15:56:01.160 [redisson-netty-2-13] INFO  MasterConnectionPool   - 5 connections initialized for 117.72.154.166/117.72.154.166:16379
26-04-24.15:56:03.259 [main            ] INFO  EndpointLinksResolver  - Exposing 1 endpoint(s) beneath base path '/actuator'
26-04-24.15:56:03.311 [main            ] INFO  LogicTreeTest          - Started LogicTreeTest in 4.371 seconds (JVM running for 5.012)
26-04-24.15:56:03.774 [main            ] INFO  HikariDataSource       - HikariPool-1 - Starting...
26-04-24.15:56:04.077 [main            ] INFO  HikariDataSource       - HikariPool-1 - Start completed.
26-04-24.15:56:04.156 [SpringApplicationShutdownHook] INFO  HikariDataSource       - HikariPool-1 - Shutdown initiated...
26-04-24.15:56:04.162 [SpringApplicationShutdownHook] INFO  HikariDataSource       - HikariPool-1 - Shutdown completed.
26-04-24.15:58:47.821 [main            ] INFO  LogicTreeTest          - Starting LogicTreeTest using Java 17.0.14 on PC-20230922CJSZ with PID 15816 (started by Administrator in C:\Users\Administrator\Desktop\big-market\big-market-app)
26-04-24.15:58:47.822 [main            ] INFO  LogicTreeTest          - The following 1 profile is active: "dev"
26-04-24.15:58:48.425 [main            ] INFO  RepositoryConfigurationDelegate - Multiple Spring Data modules found, entering strict repository configuration mode
26-04-24.15:58:48.427 [main            ] INFO  RepositoryConfigurationDelegate - Bootstrapping Spring Data Redis repositories in DEFAULT mode.
26-04-24.15:58:48.452 [main            ] INFO  RepositoryConfigurationDelegate - Finished Spring Data repository scanning in 13 ms. Found 0 Redis repository interfaces.
26-04-24.15:58:49.075 [main            ] INFO  Version                - Redisson 3.23.4
26-04-24.15:58:49.380 [redisson-netty-2-4] INFO  MasterPubSubConnectionPool - 1 connections initialized for 117.72.154.166/117.72.154.166:16379
26-04-24.15:58:49.646 [redisson-netty-2-13] INFO  MasterConnectionPool   - 5 connections initialized for 117.72.154.166/117.72.154.166:16379
26-04-24.15:58:51.896 [main            ] INFO  EndpointLinksResolver  - Exposing 1 endpoint(s) beneath base path '/actuator'
26-04-24.15:58:51.967 [main            ] INFO  LogicTreeTest          - Started LogicTreeTest in 4.494 seconds (JVM running for 5.158)
26-04-24.15:58:52.404 [main            ] INFO  HikariDataSource       - HikariPool-1 - Starting...
26-04-24.15:58:52.603 [main            ] INFO  HikariDataSource       - HikariPool-1 - Start completed.
26-04-24.15:58:52.629 [main            ] INFO  DecisionTreeEngine     - 决策树引擎:决策树规则：则更加dall-e-3画图模型,treeNode:100000001,code:0001
26-04-24.15:58:52.630 [main            ] INFO  DecisionTreeEngine     - 决策树引擎:决策树规则：则更加dall-e-3画图模型,treeNode:100000001,code:0001
26-04-24.15:58:52.768 [main            ] INFO  LogicTreeTest          - 测试结果:"{\"awardId\":101,\"awardRuleValue\":\"1:100\"}"
26-04-24.15:58:52.792 [SpringApplicationShutdownHook] INFO  HikariDataSource       - HikariPool-1 - Shutdown initiated...
26-04-24.15:58:52.805 [SpringApplicationShutdownHook] INFO  HikariDataSource       - HikariPool-1 - Shutdown completed.
